<?xml version="1.0" encoding="UTF-8"?>
<!-- Generated by org.testng.reporters.JUnitXMLReporter -->
<testsuite hostname="DESKTOP-DCJAIFL" ignored="0" name="case1" tests="4" failures="0" timestamp="2020-01-19T07:35:24 PST" time="21.977" errors="0">
  <testcase name="testTwo" time="0.006" classname="testNG_Concepts.TestNGFeatures"/>
  <testcase name="testOne" time="0.001" classname="testNG_Concepts.TestNGFeatures"/>
  <testcase name="googleTitleTest" time="0.008" classname="testNG_Concepts.GooglwHomePageTest"/>
  <testcase name="testGoogleLogo" time="0.05" classname="testNG_Concepts.GooglwHomePageTest"/>
</testsuite> <!-- case1 -->
